#
# A fatal error has been detected by the Java Runtime Environment:
#
#  SIGSEGV (0xb) at pc=0x00007d0b2500f8a1, pid=46564, tid=46565
#
# JRE version:  (21.0.7+6) (build )
# Java VM: OpenJDK 64-Bit Server VM (21.0.7+6-LTS, mixed mode, sharing, tiered, compressed oops, compressed class ptrs, g1 gc, linux-amd64)
# Problematic frame:
# V  [libjvm.so+0x80f8a1]  G1EdenPool::G1EdenPool(G1CollectedHeap*, unsigned long)+0x31
#
# Core dump will be written. Default location: Core dumps may be processed with "/usr/lib/systemd/systemd-coredump %P %u %g %s %t 9223372036854775808 %h" (or dumping to /home/yaco/Desktop/Repos/subastas-Yac-o/core.46564)
#
#

---------------  S U M M A R Y ------------

Command Line: -Dapplication.home=/home/yaco/.vscode/extensions/redhat.java-1.42.0-linux-x64/jre/21.0.7-linux-x86_64 -Xms8m -Djdk.module.main=jdk.jcmd jdk.jcmd/sun.tools.jcmd.JCmd 31115 VM.uptime

Host: AMD Ryzen 7 2700X Eight-Core Processor, 32 cores, 31G, Linux Mint 22.1 Xia
Time: Sat Jun  7 17:01:03 2025 -03 elapsed time: 0.024375 seconds (0d 0h 0m 0s)

---------------  T H R E A D  ---------------

Current thread (0x00007d0b2002b540):  JavaThread "Unknown thread" [_thread_in_vm, id=46565, stack(0x00007d0b24700000,0x00007d0b24800000) (1024K)]

Stack: [0x00007d0b24700000,0x00007d0b24800000],  sp=0x00007d0b247fea70,  free space=1018k
Native frames: (J=compiled Java code, j=interpreted, Vv=VM code, C=native code)
V  [libjvm.so+0x80f8a1]  G1EdenPool::G1EdenPool(G1CollectedHeap*, unsigned long)+0x31
V  [libjvm.so+0x80fe86]  G1MonitoringSupport::initialize_serviceability()+0x36
V  [libjvm.so+0x7d1e63]  G1CollectedHeap::post_initialize()+0x13
V  [libjvm.so+0xfa6b8f]  universe_post_init()+0x3bf
V  [libjvm.so+0x8db374]  init_globals2()+0x54
V  [libjvm.so+0xf860c7]  Threads::create_vm(JavaVMInitArgs*, bool*)+0x2f7
V  [libjvm.so+0x9b408f]  JNI_CreateJavaVM+0x4f
C  [libjli.so+0x970b]  JavaMain+0x8b
C  [libjli.so+0xd259]  ThreadJavaMain+0x9
C  [libc.so.6+0x9caa4]

siginfo: si_signo: 11 (SIGSEGV), si_code: 1 (SEGV_MAPERR), si_addr: 0x00000000000003c0

Registers:
RAX=0x00007d0b200c5900, RBX=0x00007d0b200c5800, RCX=0x00007d0b20000030, RDX=0x00007d0b20000000
RSP=0x00007d0b247fea70, RBP=0x00007d0b247fea90, RSI=0x0000000000000018, RDI=0x00007d0b200c5900
R8 =0x00007d0b200c5900, R9 =0x0000000000000020, R10=0x0000000000000001, R11=0x0000000000000000
R12=0x0000000000000000, R13=0x00007d0b247feb18, R14=0x00007d0b25d45bd0, R15=0x00007d0aab010a20
RIP=0x00007d0b2500f8a1, EFLAGS=0x0000000000010206, CSGSFS=0x002b000000000033, ERR=0x0000000000000004
  TRAPNO=0x000000000000000e

XMM[0]=0x0000000000000000 0x0000000000000000
XMM[1]=0x0000000000000000 0xffffffffffffffff
XMM[2]=0x000000ff00000000 0x0000ff0000000000
XMM[3]=0x0000ffff00000000 0x0000ff0000000000
XMM[4]=0x448b4870244c8b48 0x6824548b4860245c
XMM[5]=0x8948182454894828 0x247489485030ec83
XMM[6]=0x00000000000000ff 0x00ff000000000000
XMM[7]=0x0000000000000000 0x0000000000000000
XMM[8]=0x8b4c10246c8b4c08 0x24748b4c243c8b4c
XMM[9]=0x0000000000000000 0x0000000000000000
XMM[10]=0x3f3f3f3f3f3f3f3f 0x3f3f3f3f3f3f3f3f
XMM[11]=0x9999999999999999 0x9999999999999999
XMM[12]=0x2020202020202020 0x2020202020202020
XMM[13]=0x0000000000000000 0x0000000000000000
XMM[14]=0x0000000000000000 0x0000000000000000
XMM[15]=0x0000000000000000 0x0000000000000000
  MXCSR=0x00001fa2


Register to memory mapping:

RAX=0x00007d0b200c5900 points into unknown readable memory: 0x0000000000000101 | 01 01 00 00 00 00 00 00
RBX=0x00007d0b200c5800 points into unknown readable memory: 0x00007d0b25cdbcb0 | b0 bc cd 25 0b 7d 00 00
RCX=0x00007d0b20000030 points into unknown readable memory: 0x0000000200000000 | 00 00 00 00 02 00 00 00
RDX=0x00007d0b20000000 points into unknown readable memory: 0x00007d0b20000030 | 30 00 00 20 0b 7d 00 00
RSP=0x00007d0b247fea70 is pointing into the stack for thread: 0x00007d0b2002b540
RBP=0x00007d0b247fea90 is pointing into the stack for thread: 0x00007d0b2002b540
RSI=0x0000000000000018 is an unknown value
RDI=0x00007d0b200c5900 points into unknown readable memory: 0x0000000000000101 | 01 01 00 00 00 00 00 00
R8 =0x00007d0b200c5900 points into unknown readable memory: 0x0000000000000101 | 01 01 00 00 00 00 00 00
R9 =0x0000000000000020 is an unknown value
R10=0x0000000000000001 is an unknown value
R11=0x0 is null
R12=0x0 is null
R13=0x00007d0b247feb18 is pointing into the stack for thread: 0x00007d0b2002b540
R14=0x00007d0b25d45bd0: <offset 0x0000000001545bd0> in /home/yaco/.vscode/extensions/redhat.java-1.42.0-linux-x64/jre/21.0.7-linux-x86_64/lib/server/libjvm.so at 0x00007d0b24800000
R15=0x00007d0aab010a20 is a pointer to class: 
java.lang.VirtualMachineError {0x00007d0aab010a20}
 - instance size:     5
 - klass size:        74
 - access:            public synchronized abstract 
 - flags:             rewritten has_nonstatic_fields is_shared_boot_class 
 - state:             linked
 - name:              'java/lang/VirtualMachineError'
 - super:             'java/lang/Error'
 - sub:               'java/lang/StackOverflowError'   'java/lang/OutOfMemoryError'   'java/lang/InternalError'   
 - arrays:            'java/lang/VirtualMachineError'[]
 - methods:           Array<T>(0x00007d0aabb111f8)
 - method ordering:   Array<T>(0x00007d0aabb111e0)
 - local interfaces:  Array<T>(0x00007d0aab616348)
 - trans. interfaces: Array<T>(0x00007d0aab624268)
 - constants:         constant pool [34] {0x00007d0aabb11260} for 'java/lang/VirtualMachineError' cache=0x00007d0aab44af18
 - class loader data:  loader data: 0x00007d0b200af8e0 of 'bootstrap'
 - inner classes:     Array<T>(0x00007d0aab6162d0)
 - nest members:     Array<T>(0x00007d0aab6162d0)
 - permitted subclasses:     Array<T>(0x00007d0aab6162d0)
 - java mirror:       a 'java/lang/Class'{0x00000007ffc840a0} = 'java/lang/VirtualMachineError'
 - vtable length      15  (start addr: 0x00007d0aab010be0)
 - itable length      2 (start addr: 0x00007d0aab010c58)
 - ---- static fields (1 words):
 - private static final 'serialVersionUID' 'J' @112 
 - ---- non-static fields (6 words):
 - private transient 'depth' 'I' @12 
 - private transient 'backtrace' 'Ljava/lang/Object;' @16 
 - private 'detailMessage' 'Ljava/lang/String;' @20 
 - private 'cause' 'Ljava/lang/Throwable;' @24 
 - private 'stackTrace' '[Ljava/lang/StackTraceElement;' @28 
 - private 'suppressedExceptions' 'Ljava/util/List;' @32 
 - non-static oop maps: 16-32 

Top of Stack: (sp=0x00007d0b247fea70)
0x00007d0b247fea70:   0000000000000001 00007d0b200a6510
0x00007d0b247fea80:   00007d0b200a6510 00007d0b200c5800
0x00007d0b247fea90:   00007d0b247feac0 00007d0b2500fe86
0x00007d0b247feaa0:   00007d0b247feac0 00007d0b2003ed80
0x00007d0b247feab0:   00007d0b247feb30 00007d0b247feb18
0x00007d0b247feac0:   00007d0b247feaf0 00007d0b24fd1e63
0x00007d0b247fead0:   00007d0b2002b540 00007d0b247feb30
0x00007d0b247feae0:   00007d0b247feb18 00007d0b25d45bd0
0x00007d0b247feaf0:   00007d0b247feba0 00007d0b257a6b8f
0x00007d0b247feb00:   00007d0b247feb50 00007d0b247feb20
0x00007d0b247feb10:   00007d0b247fec01 00007d0b2002b540
0x00007d0b247feb20:   00007d0b200b2038 00007d0b25d47050
0x00007d0b247feb30:   00007d0b2002b540 00007d0b2002c070
0x00007d0b247feb40:   00007d0b2002c0b0 00007d0b2002c0c0
0x00007d0b247feb50:   00007d0b2002c198 00000000000000d8
0x00007d0b247feb60:   00007d0b2002c1a0 0000000000000000
0x00007d0b247feb70:   00007d0b247fedaf 00007d0b247fedaf
0x00007d0b247feb80:   00007d0b247febf0 00007d0b2002b540
0x00007d0b247feb90:   00007d0b247fec10 00007d0b25d45cd0
0x00007d0b247feba0:   00007d0b247febb0 00007d0b250db374
0x00007d0b247febb0:   00007d0b247fed90 00007d0b257860c7
0x00007d0b247febc0:   0000000000000000 0000000000000000
0x00007d0b247febd0:   0000000000000000 0000000000000000
0x00007d0b247febe0:   00007d0b247fecd8 00007d0b247fed19
0x00007d0b247febf0:   0000000000000001 000001974bfb8045
0x00007d0b247fec00:   0000000000000000 0000000000000000
0x00007d0b247fec10:   0000000000000100 0000000000000000
0x00007d0b247fec20:   0000000000000000 0000000000000000
0x00007d0b247fec30:   0000000000000000 00007d0b2593d2ef
0x00007d0b247fec40:   0000000000000000 0000000000000000
0x00007d0b247fec50:   0000000000000000 0000000000000000
0x00007d0b247fec60:   0000000000000000 0000000000000000 

Instructions: (pc=0x00007d0b2500f8a1)
0x00007d0b2500f7a1:   cd 66 66 2e 0f 1f 84 00 00 00 00 00 0f 1f 00 55
0x00007d0b2500f7b1:   48 8d 15 d8 01 00 00 48 89 e5 41 54 49 89 fc 53
0x00007d0b2500f7c1:   48 89 f3 48 83 ec 10 48 8b 03 48 8b b6 c8 00 00
0x00007d0b2500f7d1:   00 48 8b 40 10 48 39 d0 75 25 48 8b 4b 20 48 8b
0x00007d0b2500f7e1:   53 18 4c 89 e7 e8 35 10 00 00 48 83 c4 10 4c 89
0x00007d0b2500f7f1:   e0 5b 41 5c 5d c3 66 0f 1f 84 00 00 00 00 00 48
0x00007d0b2500f801:   89 75 e8 48 89 df ff d0 48 8b 75 e8 48 89 c1 eb
0x00007d0b2500f811:   cd 66 66 2e 0f 1f 84 00 00 00 00 00 0f 1f 00 55
0x00007d0b2500f821:   45 0f b6 c9 48 89 e5 41 54 49 89 f4 48 89 d6 53
0x00007d0b2500f831:   ba 01 00 00 00 48 89 fb 48 83 ec 08 6a 01 e8 cc
0x00007d0b2500f841:   0b 46 00 48 8d 05 2d 7d cc 00 48 89 03 49 8b 84
0x00007d0b2500f851:   24 c0 03 00 00 48 89 83 c8 00 00 00 58 5a 48 8d
0x00007d0b2500f861:   65 f0 5b 41 5c 5d c3 0f 1f 84 00 00 00 00 00 55
0x00007d0b2500f871:   48 89 d1 45 31 c9 ba 01 00 00 00 49 c7 c0 ff ff
0x00007d0b2500f881:   ff ff 48 89 e5 41 54 49 89 f4 48 8d 35 c9 11 91
0x00007d0b2500f891:   00 53 48 89 fb 48 83 ec 08 6a 01 e8 6f 0b 46 00
0x00007d0b2500f8a1:   49 8b 84 24 c0 03 00 00 48 89 83 c8 00 00 00 48
0x00007d0b2500f8b1:   8d 05 11 7d cc 00 48 89 03 58 5a 48 8d 65 f0 5b
0x00007d0b2500f8c1:   41 5c 5d c3 90 66 2e 0f 1f 84 00 00 00 00 00 55
0x00007d0b2500f8d1:   48 89 d1 45 31 c9 ba 01 00 00 00 49 c7 c0 ff ff
0x00007d0b2500f8e1:   ff ff 48 89 e5 41 54 49 89 f4 48 8d 35 77 11 91
0x00007d0b2500f8f1:   00 53 48 89 fb 48 83 ec 08 6a 01 e8 0f 0b 46 00
0x00007d0b2500f901:   49 8b 84 24 c0 03 00 00 48 89 83 c8 00 00 00 48
0x00007d0b2500f911:   8d 05 01 7d cc 00 48 89 03 58 5a 48 8d 65 f0 5b
0x00007d0b2500f921:   41 5c 5d c3 90 66 2e 0f 1f 84 00 00 00 00 00 55
0x00007d0b2500f931:   49 89 c8 41 b9 01 00 00 00 48 89 d1 ba 01 00 00
0x00007d0b2500f941:   00 48 89 e5 41 54 49 89 f4 48 8d 35 2a 11 91 00
0x00007d0b2500f951:   53 48 89 fb 48 83 ec 08 6a 01 e8 b0 0a 46 00 49
0x00007d0b2500f961:   8b 84 24 c0 03 00 00 48 89 83 c8 00 00 00 48 8d
0x00007d0b2500f971:   05 f2 7c cc 00 48 89 03 58 5a 48 8d 65 f0 5b 41
0x00007d0b2500f981:   5c 5d c3 66 66 66 2e 0f 1f 84 00 00 00 00 00 48
0x00007d0b2500f991:   8b 47 20 c3 66 66 2e 0f 1f 84 00 00 00 00 00 48 


Stack slot to memory mapping:

stack at sp + 0 slots: 0x0000000000000001 is an unknown value
stack at sp + 1 slots: 0x00007d0b200a6510 points into unknown readable memory: 0x0000000000000000 | 00 00 00 00 00 00 00 00
stack at sp + 2 slots: 0x00007d0b200a6510 points into unknown readable memory: 0x0000000000000000 | 00 00 00 00 00 00 00 00
stack at sp + 3 slots: 0x00007d0b200c5800 points into unknown readable memory: 0x00007d0b25cdbcb0 | b0 bc cd 25 0b 7d 00 00
stack at sp + 4 slots: 0x00007d0b247feac0 is pointing into the stack for thread: 0x00007d0b2002b540
stack at sp + 5 slots: 0x00007d0b2500fe86: <offset 0x000000000080fe86> in /home/yaco/.vscode/extensions/redhat.java-1.42.0-linux-x64/jre/21.0.7-linux-x86_64/lib/server/libjvm.so at 0x00007d0b24800000
stack at sp + 6 slots: 0x00007d0b247feac0 is pointing into the stack for thread: 0x00007d0b2002b540
stack at sp + 7 slots: 0x00007d0b2003ed80 points into unknown readable memory: 0x00007d0b25cd6d98 | 98 6d cd 25 0b 7d 00 00


---------------  P R O C E S S  ---------------

Threads class SMR info:
_java_thread_list=0x00007d0b200b6e50, length=1, elements={
0x00007d0b2002b540
}

Java Threads: ( => current thread )
=>0x00007d0b2002b540 JavaThread "Unknown thread"             [_thread_in_vm, id=46565, stack(0x00007d0b24700000,0x00007d0b24800000) (1024K)]
Total: 1

Other Threads:
  0x00007d0b200b5fc0 WatcherThread "VM Periodic Task Thread"        [id=46571, stack(0x00007d0b004f2000,0x00007d0b005f2000) (1024K)]
  0x00007d0b20056fc0 WorkerThread "GC Thread#0"                     [id=46566, stack(0x00007d0b037e4000,0x00007d0b038e4000) (1024K)]
  0x00007d0b20068000 ConcurrentGCThread "G1 Main Marker"            [id=46567, stack(0x00007d0b036e3000,0x00007d0b037e3000) (1024K)]
  0x00007d0b20068fa0 WorkerThread "G1 Conc#0"                       [id=46568, stack(0x00007d0b035e2000,0x00007d0b036e2000) (1024K)]
  0x00007d0b200a38b0 ConcurrentGCThread "G1 Refine#0"               [id=46569, stack(0x00007d0b006f4000,0x00007d0b007f4000) (1024K)]
  0x00007d0b200a4860 ConcurrentGCThread "G1 Service"                [id=46570, stack(0x00007d0b005f3000,0x00007d0b006f3000) (1024K)]
Total: 6

Threads with active compile tasks:
Total: 0

VM state: not at safepoint (normal execution)

VM Mutex/Monitor currently owned by a thread: None

Heap address: 0x000000060bc00000, size: 8004 MB, Compressed Oops mode: Zero based, Oop shift amount: 3

CDS archive(s) mapped at: [0x00007d0aab000000-0x00007d0aabbb6000-0x00007d0aabbb6000), size 12279808, SharedBaseAddress: 0x00007d0aab000000, ArchiveRelocationMode: 1.
Compressed class space mapped at: 0x00007d0aac000000-0x00007d0aec000000, reserved size: 1073741824
Narrow klass base: 0x00007d0aab000000, Narrow klass shift: 0, Narrow klass range: 0x100000000

GC Precious Log:
 CardTable entry size: 512
 Card Set container configuration: InlinePtr #cards 4 size 8 Array Of Cards #cards 32 size 80 Howl #buckets 8 coarsen threshold 7372 Howl Bitmap #cards 1024 size 144 coarsen threshold 921 Card regions per heap region 1 cards per card region 8192
 CPUs: 32 total, 16 available
 Memory: 32008M
 Large Page Support: Disabled
 NUMA Support: Disabled
 Compressed Oops: Enabled (Zero based)
 Heap Region Size: 4M
 Heap Min Capacity: 8M
 Heap Initial Capacity: 8M
 Heap Max Capacity: 8004M
 Pre-touch: Disabled
 Parallel Workers: 13
 Concurrent Workers: 3
 Concurrent Refinement Workers: 13
 Periodic GC: Disabled

Heap:
 garbage-first heap   total 12288K, used 1066K [0x000000060bc00000, 0x0000000800000000)
  region size 4096K, 1 young (4096K), 0 survivors (0K)
 Metaspace       used 0K, committed 0K, reserved 1048576K
  class space    used 0K, committed 0K, reserved 1048576K

Heap Regions: E=young(eden), S=young(survivor), O=old, HS=humongous(starts), HC=humongous(continues), CS=collection set, F=free, TAMS=top-at-mark-start, PB=parsable bottom
|   0|0x000000060bc00000, 0x000000060bc00000, 0x000000060c000000|  0%| F|  |TAMS 0x000000060bc00000| PB 0x000000060bc00000| Untracked 
|   1|0x000000060c000000, 0x000000060c0147b8, 0x000000060c400000|  2%| E|  |TAMS 0x000000060c000000| PB 0x000000060c000000| Complete 
|2000|0x00000007ffc00000, 0x00000007ffd0aa80, 0x0000000800000000| 26%| O|  |TAMS 0x00000007ffc00000| PB 0x00000007ffc00000| Untracked 

Card table byte_map: [0x00007d0b0b6b4000,0x00007d0b0c656000] _byte_map_base: 0x00007d0b08656000

Marking Bits: (CMBitMap*) 0x00007d0b20057ae0
 Bits: [0x00007d0b039a4000, 0x00007d0b0b6b4000)

Polling page: 0x00007d0b26203000

Metaspace:

Usage:
  Non-class:      0 bytes used.
      Class:      0 bytes used.
       Both:      0 bytes used.

Virtual space:
  Non-class space:        0 bytes reserved,       0 bytes (  ?%) committed,  0 nodes.
      Class space:        1.00 GB reserved,       0 bytes (  0%) committed,  1 nodes.
             Both:        1.00 GB reserved,       0 bytes (  0%) committed. 

Chunk freelists:
   Non-Class:  0 bytes
       Class:  16.00 MB
        Both:  16.00 MB

MaxMetaspaceSize: unlimited
CompressedClassSpaceSize: 1.00 GB
Initial GC threshold: 21.00 MB
Current GC threshold: 17179869184.00 GB
CDS: on
 - commit_granule_bytes: 65536.
 - commit_granule_words: 8192.
 - virtual_space_node_default_size: 8388608.
 - enlarge_chunks_in_place: 1.
 - use_allocation_guard: 0.


Internal statistics:

num_allocs_failed_limit: 0.
num_arena_births: 0.
num_arena_deaths: 0.
num_vsnodes_births: 1.
num_vsnodes_deaths: 0.
num_space_committed: 0.
num_space_uncommitted: 0.
num_chunks_returned_to_freelist: 0.
num_chunks_taken_from_freelist: 1.
num_chunk_merges: 0.
num_chunk_splits: 1.
num_chunks_enlarged: 0.
num_inconsistent_stats: 0.

CodeHeap 'non-profiled nmethods': size=119168Kb used=0Kb max_used=0Kb free=119168Kb
 bounds [0x00007d0b159a0000, 0x00007d0b15c10000, 0x00007d0b1ce00000]
CodeHeap 'profiled nmethods': size=119164Kb used=0Kb max_used=0Kb free=119164Kb
 bounds [0x00007d0b0de00000, 0x00007d0b0e070000, 0x00007d0b1525f000]
CodeHeap 'non-nmethods': size=7428Kb used=217Kb max_used=343Kb free=7210Kb
 bounds [0x00007d0b1525f000, 0x00007d0b154cf000, 0x00007d0b159a0000]
 total_blobs=70 nmethods=0 adapters=48
 compilation: enabled
              stopped_count=0, restarted_count=0
 full_count=0

Compilation events (0 events):
No events

GC Heap History (0 events):
No events

Dll operation events (1 events):
Event: 0.002 Loaded shared library /home/yaco/.vscode/extensions/redhat.java-1.42.0-linux-x64/jre/21.0.7-linux-x86_64/lib/libjava.so

Deoptimization events (0 events):
No events

Classes loaded (0 events):
No events

Classes unloaded (0 events):
No events

Classes redefined (0 events):
No events

Internal exceptions (0 events):
No events

ZGC Phase Switch (0 events):
No events

VM Operations (0 events):
No events

Memory protections (1 events):
Event: 0.002 Protecting memory [0x00007d0b24700000,0x00007d0b24704000] with protection modes 0

Nmethod flushes (0 events):
No events

Events (1 events):
Event: 0.020 Thread 0x00007d0b2002b540 Thread added: 0x00007d0b2002b540


Dynamic libraries:
60bc00000-60c400000 rw-p 00000000 00:00 0 
60c400000-7ffc00000 ---p 00000000 00:00 0 
7ffc00000-7ffd0b000 rw-p 00bf2000 08:03 3708072                          /home/yaco/.vscode/extensions/redhat.java-1.42.0-linux-x64/jre/21.0.7-linux-x86_64/lib/server/classes.jsa
7ffd0b000-800000000 rw-p 00000000 00:00 0 
5bd1e9352000-5bd1e9353000 r-xp 00000000 08:03 3707663                    /home/yaco/.vscode/extensions/redhat.java-1.42.0-linux-x64/jre/21.0.7-linux-x86_64/bin/jcmd
5bd1e9354000-5bd1e9355000 r--p 00001000 08:03 3707663                    /home/yaco/.vscode/extensions/redhat.java-1.42.0-linux-x64/jre/21.0.7-linux-x86_64/bin/jcmd
5bd1e9355000-5bd1e9356000 rw-p 00002000 08:03 3707663                    /home/yaco/.vscode/extensions/redhat.java-1.42.0-linux-x64/jre/21.0.7-linux-x86_64/bin/jcmd
5bd1f04ba000-5bd1f0500000 rw-p 00000000 00:00 0                          [heap]
7d0aa4000000-7d0aa4021000 rw-p 00000000 00:00 0 
7d0aa4021000-7d0aa8000000 ---p 00000000 00:00 0 
7d0aab000000-7d0aabbb6000 rw-p 00001000 08:03 3708072                    /home/yaco/.vscode/extensions/redhat.java-1.42.0-linux-x64/jre/21.0.7-linux-x86_64/lib/server/classes.jsa
7d0aabbb6000-7d0aec000000 ---p 00000000 00:00 0 
7d0aec000000-7d0aec021000 rw-p 00000000 00:00 0 
7d0aec021000-7d0af0000000 ---p 00000000 00:00 0 
7d0af0000000-7d0af0021000 rw-p 00000000 00:00 0 
7d0af0021000-7d0af4000000 ---p 00000000 00:00 0 
7d0af4000000-7d0af4021000 rw-p 00000000 00:00 0 
7d0af4021000-7d0af8000000 ---p 00000000 00:00 0 
7d0af8000000-7d0af8021000 rw-p 00000000 00:00 0 
7d0af8021000-7d0afc000000 ---p 00000000 00:00 0 
7d0afc000000-7d0afc021000 rw-p 00000000 00:00 0 
7d0afc021000-7d0b00000000 ---p 00000000 00:00 0 
7d0b00088000-7d0b004f1000 rw-p 00000000 00:00 0 
7d0b004f1000-7d0b004f2000 ---p 00000000 00:00 0 
7d0b004f2000-7d0b005f2000 rw-p 00000000 00:00 0 
7d0b005f2000-7d0b005f3000 ---p 00000000 00:00 0 
7d0b005f3000-7d0b006f3000 rw-p 00000000 00:00 0 
7d0b006f3000-7d0b006f4000 ---p 00000000 00:00 0 
7d0b006f4000-7d0b007f4000 rw-p 00000000 00:00 0 
7d0b007f4000-7d0b03400000 rw-p 00000000 00:00 0 
7d0b03404000-7d0b035e1000 rw-p 00000000 00:00 0 
7d0b035e1000-7d0b035e2000 ---p 00000000 00:00 0 
7d0b035e2000-7d0b036e2000 rw-p 00000000 00:00 0 
7d0b036e2000-7d0b036e3000 ---p 00000000 00:00 0 
7d0b036e3000-7d0b037e3000 rw-p 00000000 00:00 0 
7d0b037e3000-7d0b037e4000 ---p 00000000 00:00 0 
7d0b037e4000-7d0b038e4000 rw-p 00000000 00:00 0 
7d0b038e4000-7d0b039c4000 rw-p 00000000 00:00 0 
7d0b039c4000-7d0b0b6a4000 ---p 00000000 00:00 0 
7d0b0b6a4000-7d0b0b6b8000 rw-p 00000000 00:00 0 
7d0b0b6b8000-7d0b0c654000 ---p 00000000 00:00 0 
7d0b0c654000-7d0b0c65a000 rw-p 00000000 00:00 0 
7d0b0c65a000-7d0b0d5f6000 ---p 00000000 00:00 0 
7d0b0d5f6000-7d0b0de00000 rw-p 00000000 00:00 0 
7d0b0de00000-7d0b0e070000 rwxp 00000000 00:00 0 
7d0b0e070000-7d0b1525f000 ---p 00000000 00:00 0 
7d0b1525f000-7d0b154cf000 rwxp 00000000 00:00 0 
7d0b154cf000-7d0b159a0000 ---p 00000000 00:00 0 
7d0b159a0000-7d0b15c10000 rwxp 00000000 00:00 0 
7d0b15c10000-7d0b1ce00000 ---p 00000000 00:00 0 
7d0b1ce00000-7d0b1ffce000 r--s 00000000 08:03 3708062                    /home/yaco/.vscode/extensions/redhat.java-1.42.0-linux-x64/jre/21.0.7-linux-x86_64/lib/modules
7d0b20000000-7d0b200ef000 rw-p 00000000 00:00 0 
7d0b200ef000-7d0b24000000 ---p 00000000 00:00 0 
7d0b24029000-7d0b24533000 rw-p 00000000 00:00 0 
7d0b24533000-7d0b24617000 ---p 00000000 00:00 0 
7d0b24617000-7d0b2461c000 rw-p 00000000 00:00 0 
7d0b2461c000-7d0b24700000 ---p 00000000 00:00 0 
7d0b24700000-7d0b24704000 ---p 00000000 00:00 0 
7d0b24704000-7d0b24800000 rw-p 00000000 00:00 0 
7d0b24800000-7d0b25c0f000 r-xp 00000000 08:03 3708074                    /home/yaco/.vscode/extensions/redhat.java-1.42.0-linux-x64/jre/21.0.7-linux-x86_64/lib/server/libjvm.so
7d0b25c0f000-7d0b25c10000 ---p 0140f000 08:03 3708074                    /home/yaco/.vscode/extensions/redhat.java-1.42.0-linux-x64/jre/21.0.7-linux-x86_64/lib/server/libjvm.so
7d0b25c10000-7d0b25ce4000 r--p 0140f000 08:03 3708074                    /home/yaco/.vscode/extensions/redhat.java-1.42.0-linux-x64/jre/21.0.7-linux-x86_64/lib/server/libjvm.so
7d0b25ce4000-7d0b25d14000 rw-p 014e3000 08:03 3708074                    /home/yaco/.vscode/extensions/redhat.java-1.42.0-linux-x64/jre/21.0.7-linux-x86_64/lib/server/libjvm.so
7d0b25d14000-7d0b25d7a000 rw-p 00000000 00:00 0 
7d0b25dbf000-7d0b25e00000 rw-p 00000000 00:00 0 
7d0b25e00000-7d0b25e28000 r--p 00000000 08:03 5247062                    /usr/lib/x86_64-linux-gnu/libc.so.6
7d0b25e28000-7d0b25fb0000 r-xp 00028000 08:03 5247062                    /usr/lib/x86_64-linux-gnu/libc.so.6
7d0b25fb0000-7d0b25fff000 r--p 001b0000 08:03 5247062                    /usr/lib/x86_64-linux-gnu/libc.so.6
7d0b25fff000-7d0b26003000 r--p 001fe000 08:03 5247062                    /usr/lib/x86_64-linux-gnu/libc.so.6
7d0b26003000-7d0b26005000 rw-p 00202000 08:03 5247062                    /usr/lib/x86_64-linux-gnu/libc.so.6
7d0b26005000-7d0b26012000 rw-p 00000000 00:00 0 
7d0b26025000-7d0b260a8000 rw-p 00000000 00:00 0 
7d0b260a8000-7d0b260b2000 ---p 00000000 00:00 0 
7d0b260b2000-7d0b260d2000 r-xp 00000000 08:03 3708038                    /home/yaco/.vscode/extensions/redhat.java-1.42.0-linux-x64/jre/21.0.7-linux-x86_64/lib/libjava.so
7d0b260d2000-7d0b260d3000 ---p 00020000 08:03 3708038                    /home/yaco/.vscode/extensions/redhat.java-1.42.0-linux-x64/jre/21.0.7-linux-x86_64/lib/libjava.so
7d0b260d3000-7d0b260d4000 r--p 00020000 08:03 3708038                    /home/yaco/.vscode/extensions/redhat.java-1.42.0-linux-x64/jre/21.0.7-linux-x86_64/lib/libjava.so
7d0b260d4000-7d0b260d5000 rw-p 00021000 08:03 3708038                    /home/yaco/.vscode/extensions/redhat.java-1.42.0-linux-x64/jre/21.0.7-linux-x86_64/lib/libjava.so
7d0b260d5000-7d0b260d6000 rw-p 00000000 00:00 0 
7d0b260d6000-7d0b260f1000 r-xp 00000000 08:03 3708042                    /home/yaco/.vscode/extensions/redhat.java-1.42.0-linux-x64/jre/21.0.7-linux-x86_64/lib/libjimage.so
7d0b260f1000-7d0b260f2000 ---p 0001b000 08:03 3708042                    /home/yaco/.vscode/extensions/redhat.java-1.42.0-linux-x64/jre/21.0.7-linux-x86_64/lib/libjimage.so
7d0b260f2000-7d0b260f4000 r--p 0001b000 08:03 3708042                    /home/yaco/.vscode/extensions/redhat.java-1.42.0-linux-x64/jre/21.0.7-linux-x86_64/lib/libjimage.so
7d0b260f4000-7d0b260f5000 rw-p 0001d000 08:03 3708042                    /home/yaco/.vscode/extensions/redhat.java-1.42.0-linux-x64/jre/21.0.7-linux-x86_64/lib/libjimage.so
7d0b260f5000-7d0b26105000 r--p 00000000 08:03 5247065                    /usr/lib/x86_64-linux-gnu/libm.so.6
7d0b26105000-7d0b26184000 r-xp 00010000 08:03 5247065                    /usr/lib/x86_64-linux-gnu/libm.so.6
7d0b26184000-7d0b261dc000 r--p 0008f000 08:03 5247065                    /usr/lib/x86_64-linux-gnu/libm.so.6
7d0b261dc000-7d0b261dd000 r--p 000e7000 08:03 5247065                    /usr/lib/x86_64-linux-gnu/libm.so.6
7d0b261dd000-7d0b261de000 rw-p 000e8000 08:03 5247065                    /usr/lib/x86_64-linux-gnu/libm.so.6
7d0b261de000-7d0b261df000 r--p 00000000 08:03 5247076                    /usr/lib/x86_64-linux-gnu/librt.so.1
7d0b261df000-7d0b261e0000 r-xp 00001000 08:03 5247076                    /usr/lib/x86_64-linux-gnu/librt.so.1
7d0b261e0000-7d0b261e1000 r--p 00002000 08:03 5247076                    /usr/lib/x86_64-linux-gnu/librt.so.1
7d0b261e1000-7d0b261e2000 r--p 00002000 08:03 5247076                    /usr/lib/x86_64-linux-gnu/librt.so.1
7d0b261e2000-7d0b261e3000 rw-p 00003000 08:03 5247076                    /usr/lib/x86_64-linux-gnu/librt.so.1
7d0b261e3000-7d0b261e5000 rw-p 00000000 00:00 0 
7d0b261e5000-7d0b261e6000 r--p 00000000 08:03 5247064                    /usr/lib/x86_64-linux-gnu/libdl.so.2
7d0b261e6000-7d0b261e7000 r-xp 00001000 08:03 5247064                    /usr/lib/x86_64-linux-gnu/libdl.so.2
7d0b261e7000-7d0b261e8000 r--p 00002000 08:03 5247064                    /usr/lib/x86_64-linux-gnu/libdl.so.2
7d0b261e8000-7d0b261e9000 r--p 00002000 08:03 5247064                    /usr/lib/x86_64-linux-gnu/libdl.so.2
7d0b261e9000-7d0b261ea000 rw-p 00003000 08:03 5247064                    /usr/lib/x86_64-linux-gnu/libdl.so.2
7d0b261ea000-7d0b261eb000 r--p 00000000 08:03 5247074                    /usr/lib/x86_64-linux-gnu/libpthread.so.0
7d0b261eb000-7d0b261ec000 r-xp 00001000 08:03 5247074                    /usr/lib/x86_64-linux-gnu/libpthread.so.0
7d0b261ec000-7d0b261ed000 r--p 00002000 08:03 5247074                    /usr/lib/x86_64-linux-gnu/libpthread.so.0
7d0b261ed000-7d0b261ee000 r--p 00002000 08:03 5247074                    /usr/lib/x86_64-linux-gnu/libpthread.so.0
7d0b261ee000-7d0b261ef000 rw-p 00003000 08:03 5247074                    /usr/lib/x86_64-linux-gnu/libpthread.so.0
7d0b261fb000-7d0b26203000 rw-s 00000000 08:03 10354694                   /tmp/hsperfdata_yaco/46564
7d0b26203000-7d0b26204000 ---p 00000000 00:00 0 
7d0b26204000-7d0b26205000 r--p 00000000 00:00 0 
7d0b26205000-7d0b26206000 ---p 00000000 00:00 0 
7d0b26206000-7d0b2621f000 r-xp 00000000 08:03 3708043                    /home/yaco/.vscode/extensions/redhat.java-1.42.0-linux-x64/jre/21.0.7-linux-x86_64/lib/libjli.so
7d0b2621f000-7d0b26220000 r--p 00018000 08:03 3708043                    /home/yaco/.vscode/extensions/redhat.java-1.42.0-linux-x64/jre/21.0.7-linux-x86_64/lib/libjli.so
7d0b26220000-7d0b26221000 rw-p 00019000 08:03 3708043                    /home/yaco/.vscode/extensions/redhat.java-1.42.0-linux-x64/jre/21.0.7-linux-x86_64/lib/libjli.so
7d0b26221000-7d0b26223000 rw-p 00000000 00:00 0 
7d0b26223000-7d0b26224000 r--p 00000000 08:03 5247059                    /usr/lib/x86_64-linux-gnu/ld-linux-x86-64.so.2
7d0b26224000-7d0b2624f000 r-xp 00001000 08:03 5247059                    /usr/lib/x86_64-linux-gnu/ld-linux-x86-64.so.2
7d0b2624f000-7d0b26259000 r--p 0002c000 08:03 5247059                    /usr/lib/x86_64-linux-gnu/ld-linux-x86-64.so.2
7d0b26259000-7d0b2625b000 r--p 00036000 08:03 5247059                    /usr/lib/x86_64-linux-gnu/ld-linux-x86-64.so.2
7d0b2625b000-7d0b2625d000 rw-p 00038000 08:03 5247059                    /usr/lib/x86_64-linux-gnu/ld-linux-x86-64.so.2
7ffdab715000-7ffdab737000 rw-p 00000000 00:00 0                          [stack]
7ffdab7f4000-7ffdab7f8000 r--p 00000000 00:00 0                          [vvar]
7ffdab7f8000-7ffdab7fa000 r-xp 00000000 00:00 0                          [vdso]
ffffffffff600000-ffffffffff601000 --xp 00000000 00:00 0                  [vsyscall]
Total number of mappings: 120


VM Arguments:
jvm_args: -Dapplication.home=/home/yaco/.vscode/extensions/redhat.java-1.42.0-linux-x64/jre/21.0.7-linux-x86_64 -Xms8m -Djdk.module.main=jdk.jcmd 
java_command: jdk.jcmd/sun.tools.jcmd.JCmd 31115 VM.uptime
java_class_path (initial): <not set>
Launcher Type: SUN_STANDARD

[Global flags]
     intx CICompilerCount                          = 12                                        {product} {ergonomic}
     uint ConcGCThreads                            = 3                                         {product} {ergonomic}
     uint G1ConcRefinementThreads                  = 13                                        {product} {ergonomic}
   size_t G1HeapRegionSize                         = 4194304                                   {product} {ergonomic}
    uintx GCDrainStackTargetSize                   = 64                                        {product} {ergonomic}
   size_t InitialHeapSize                          = 8388608                                   {product} {command line}
   size_t MarkStackSize                            = 4194304                                   {product} {ergonomic}
   size_t MaxHeapSize                              = 8392802304                                {product} {ergonomic}
   size_t MaxNewSize                               = 5033164800                                {product} {ergonomic}
   size_t MinHeapDeltaBytes                        = 4194304                                   {product} {ergonomic}
   size_t MinHeapSize                              = 8388608                                   {product} {command line}
    uintx NonNMethodCodeHeapSize                   = 7602480                                {pd product} {ergonomic}
    uintx NonProfiledCodeHeapSize                  = 122027880                              {pd product} {ergonomic}
    uintx ProfiledCodeHeapSize                     = 122027880                              {pd product} {ergonomic}
    uintx ReservedCodeCacheSize                    = 251658240                              {pd product} {ergonomic}
     bool SegmentedCodeCache                       = true                                      {product} {ergonomic}
   size_t SoftMaxHeapSize                          = 8392802304                             {manageable} {ergonomic}
     bool UseCompressedOops                        = true                           {product lp64_product} {ergonomic}
     bool UseG1GC                                  = true                                      {product} {ergonomic}

Logging:
Log output configuration:
 #0: stdout all=warning uptime,level,tags foldmultilines=false
 #1: stderr all=off uptime,level,tags foldmultilines=false

Environment Variables:
PATH=/usr/local/sbin:/usr/local/bin:/usr/sbin:/usr/bin:/sbin:/bin:/usr/games:/usr/local/games:/snap/bin
SHELL=/bin/bash
DISPLAY=:0
LANG=en_US.UTF-8
LC_NUMERIC=es_AR.UTF-8
TERM=xterm-256color

Active Locale:
LC_ALL=C
LC_COLLATE=C
LC_CTYPE=C
LC_MESSAGES=C
LC_MONETARY=C
LC_NUMERIC=C
LC_TIME=C

Signal Handlers:
   SIGSEGV: crash_handler in libjvm.so, mask=11100100010111111101111111111110, flags=SA_RESTART|SA_SIGINFO, unblocked
    SIGBUS: crash_handler in libjvm.so, mask=11100100010111111101111111111110, flags=SA_RESTART|SA_SIGINFO, unblocked
    SIGFPE: crash_handler in libjvm.so, mask=11100100010111111101111111111110, flags=SA_RESTART|SA_SIGINFO, unblocked
   SIGPIPE: javaSignalHandler in libjvm.so, mask=11100100010111111101111111111110, flags=SA_RESTART|SA_SIGINFO, blocked
   SIGXFSZ: javaSignalHandler in libjvm.so, mask=11100100010111111101111111111110, flags=SA_RESTART|SA_SIGINFO, blocked
    SIGILL: crash_handler in libjvm.so, mask=11100100010111111101111111111110, flags=SA_RESTART|SA_SIGINFO, unblocked
   SIGUSR2: SR_handler in libjvm.so, mask=00000000000000000000000000000000, flags=SA_RESTART|SA_SIGINFO, blocked
    SIGHUP: SIG_DFL, mask=00000000000000000000000000000000, flags=none, blocked
    SIGINT: SIG_DFL, mask=00000000000000000000000000000000, flags=none, blocked
   SIGTERM: SIG_DFL, mask=00000000000000000000000000000000, flags=none, blocked
   SIGQUIT: UserHandler in libjvm.so, mask=11100100010111111101111111111110, flags=SA_RESTART|SA_SIGINFO, blocked
   SIGTRAP: crash_handler in libjvm.so, mask=11100100010111111101111111111110, flags=SA_RESTART|SA_SIGINFO, unblocked


Periodic native trim disabled

---------------  S Y S T E M  ---------------

OS:
DISTRIB_ID=LinuxMint
DISTRIB_RELEASE=22.1
DISTRIB_CODENAME=xia
DISTRIB_DESCRIPTION="Linux Mint 22.1 Xia"
uname: Linux 6.8.0-60-generic #63-Ubuntu SMP PREEMPT_DYNAMIC Tue Apr 15 19:04:15 UTC 2025 x86_64
OS uptime: 0 days 3:38 hours
libc: glibc 2.39 NPTL 2.39 
rlimit (soft/hard): STACK 8192k/infinity , CORE 0k/infinity , NPROC 127699/127699 , NOFILE 1048576/1048576 , AS infinity/infinity , CPU infinity/infinity , DATA infinity/infinity , FSIZE infinity/infinity , MEMLOCK 4097080k/4097080k
load average: 1.21 1.24 1.19

/proc/meminfo:
MemTotal:       32776656 kB
MemFree:        17158560 kB
MemAvailable:   22793180 kB
Buffers:          205860 kB
Cached:          6022088 kB
SwapCached:            0 kB
Active:          9543032 kB
Inactive:        4954968 kB
Active(anon):    8660788 kB
Inactive(anon):        0 kB
Active(file):     882244 kB
Inactive(file):  4954968 kB
Unevictable:          48 kB
Mlocked:              48 kB
SwapTotal:       2097148 kB
SwapFree:        2097148 kB
Zswap:                 0 kB
Zswapped:              0 kB
Dirty:               240 kB
Writeback:             0 kB
AnonPages:       8270228 kB
Mapped:          1182548 kB
Shmem:            390736 kB
KReclaimable:     262892 kB
Slab:             538620 kB
SReclaimable:     262892 kB
SUnreclaim:       275728 kB
KernelStack:       41516 kB
PageTables:       139516 kB
SecPageTables:         0 kB
NFS_Unstable:          0 kB
Bounce:                0 kB
WritebackTmp:          0 kB
CommitLimit:    18485476 kB
Committed_AS:   79953400 kB
VmallocTotal:   34359738367 kB
VmallocUsed:      105360 kB
VmallocChunk:          0 kB
Percpu:            27520 kB
HardwareCorrupted:     0 kB
AnonHugePages:         0 kB
ShmemHugePages:        0 kB
ShmemPmdMapped:        0 kB
FileHugePages:         0 kB
FilePmdMapped:         0 kB
Unaccepted:            0 kB
HugePages_Total:       0
HugePages_Free:        0
HugePages_Rsvd:        0
HugePages_Surp:        0
Hugepagesize:       2048 kB
Hugetlb:               0 kB
DirectMap4k:      935160 kB
DirectMap2M:    15761408 kB
DirectMap1G:    16777216 kB

/sys/kernel/mm/transparent_hugepage/enabled: always [madvise] never
/sys/kernel/mm/transparent_hugepage/hpage_pmd_size: 2097152
/sys/kernel/mm/transparent_hugepage/defrag (defrag/compaction efforts parameter): always defer defer+madvise [madvise] never

Process Memory:
Virtual Size: 10278412K (peak: 10339432K)
Resident Set Size: 35616K (peak: 35616K) (anon: 19200K, file: 16416K, shmem: 0K)
Swapped out: 0K
C-Heap outstanding allocations: 33949K, retained: 982K
glibc malloc tunables: (default)

/proc/sys/kernel/threads-max (system-wide limit on the number of threads): 255399
/proc/sys/vm/max_map_count (maximum number of memory map areas a process may have): 1048576
/proc/sys/vm/swappiness (control to define how aggressively the kernel swaps out anonymous memory): 60
/proc/sys/kernel/pid_max (system-wide limit on number of process identifiers): 4194304

container (cgroup) information:
container_type: cgroupv2
cpu_cpuset_cpus: not supported
cpu_memory_nodes: not supported
active_processor_count: 16
cpu_quota: not supported
cpu_period: not supported
cpu_shares: not supported
memory_limit_in_bytes: unlimited
memory_and_swap_limit_in_bytes: unlimited
memory_soft_limit_in_bytes: unlimited
memory_usage_in_bytes: 3554312 k
memory_max_usage_in_bytes: not supported
memory_swap_current_in_bytes: unlimited
memory_swap_max_limit_in_bytes: unlimited
maximum number of tasks: 38309
current number of tasks: 239

Steal ticks since vm start: 0
Steal ticks percentage since vm start:  0.000

CPU: total 32 (initial active 16) (16 cores per cpu, 2 threads per core) family 23 model 8 stepping 2 microcode 0x800820d, cx8, cmov, fxsr, ht, mmx, 3dnowpref, sse, sse2, sse3, ssse3, sse4a, sse4.1, sse4.2, popcnt, lzcnt, tsc, tscinvbit, avx, avx2, aes, clmul, bmi1, bmi2, adx, sha, fma, vzeroupper, clflush, clflushopt, rdtscp, f16c
CPU Model and flags from /proc/cpuinfo:
model name	: AMD Ryzen 7 2700X Eight-Core Processor
flags		: fpu vme de pse tsc msr pae mce cx8 apic sep mtrr pge mca cmov pat pse36 clflush mmx fxsr sse sse2 ht syscall nx mmxext fxsr_opt pdpe1gb rdtscp lm constant_tsc rep_good nopl nonstop_tsc cpuid extd_apicid aperfmperf rapl pni pclmulqdq monitor ssse3 fma cx16 sse4_1 sse4_2 movbe popcnt aes xsave avx f16c rdrand lahf_lm cmp_legacy extapic cr8_legacy abm sse4a misalignsse 3dnowprefetch osvw skinit wdt tce topoext perfctr_core perfctr_nb bpext perfctr_llc mwaitx cpb hw_pstate ssbd ibpb vmmcall fsgsbase bmi1 avx2 smep bmi2 rdseed adx smap clflushopt sha_ni xsaveopt xsavec xgetbv1 clzero irperf xsaveerptr arat npt lbrv svm_lock nrip_save tsc_scale vmcb_clean flushbyasid decodeassists pausefilter pfthreshold avic v_vmsave_vmload vgif overflow_recov succor smca sev sev_es

Online cpus: 0-15
Offline cpus: 16-31
BIOS frequency limitation: 3700000
Frequency switch latency (ns): 0
Available cpu frequencies: 3700000 3200000 2200000 
Current governor: schedutil
Core performance/turbo boost: 1

Memory: 4k page, physical 32776656k(22793180k free), swap 2097148k(2097148k free)
Page Sizes: 4k

vm_info: OpenJDK 64-Bit Server VM (21.0.7+6-LTS) for linux-amd64 JRE (21.0.7+6-LTS), built on 2025-04-15T00:00:00Z by "admin" with gcc 11.3.0

END.
